<?xml version="1.0" encoding="UTF-8"?>
<!-- Generated by org.testng.reporters.JUnitXMLReporter -->
<testsuite ignored="0" hostname="Shwetas-MacBook-Air.local" failures="0" tests="4" name="Test" time="139.044" errors="0" timestamp="25 Jan 2024 13:37:43 GMT">
  <testcase classname="testcases.insurance.SingleInsurancePolicy" name="Insurance" time="42.241"/>
  <testcase classname="testcases.insurance.MultipleInsurancePolicy" name="MultipleInsurance" time="11.891"/>
  <testcase classname="testcases.insurance.listingSortingPolicyPage" name="listingSortInsurance" time="34.954"/>
  <testcase classname="testcases.insurance.SingleInsuranceDebitCardPolicy" name="Insurance" time="49.945"/>
</testsuite> <!-- Test -->
