<?xml version="1.0" encoding="UTF-8"?>
<testng-results ignored="0" total="4" passed="4" failed="0" skipped="0">
  <reporter-output>
  </reporter-output>
  <suite started-at="2024-01-25T13:35:23Z" name="Suite" finished-at="2024-01-25T13:37:42Z" duration-ms="139044">
    <groups>
    </groups>
    <test started-at="2024-01-25T13:35:23Z" name="Test" finished-at="2024-01-25T13:37:42Z" duration-ms="139044">
      <class name="testcases.insurance.MultipleInsurancePolicy">
        <test-method signature="MultipleInsurance()[pri:0, instance:testcases.insurance.MultipleInsurancePolicy@4da4253]" started-at="2024-01-25T13:36:06Z" name="MultipleInsurance" finished-at="2024-01-25T13:36:17Z" duration-ms="11891" status="PASS">
          <reporter-output>
          </reporter-output>
        </test-method> <!-- MultipleInsurance -->
      </class> <!-- testcases.insurance.MultipleInsurancePolicy -->
      <class name="testcases.insurance.SingleInsuranceDebitCardPolicy">
        <test-method signature="Insurance()[pri:0, instance:testcases.insurance.SingleInsuranceDebitCardPolicy@62e7f11d]" started-at="2024-01-25T13:36:52Z" name="Insurance" finished-at="2024-01-25T13:37:42Z" duration-ms="49945" status="PASS">
          <reporter-output>
          </reporter-output>
        </test-method> <!-- Insurance -->
      </class> <!-- testcases.insurance.SingleInsuranceDebitCardPolicy -->
      <class name="testcases.insurance.listingSortingPolicyPage">
        <test-method signature="listingSortInsurance()[pri:0, instance:testcases.insurance.listingSortingPolicyPage@3972a855]" started-at="2024-01-25T13:36:17Z" name="listingSortInsurance" finished-at="2024-01-25T13:36:52Z" duration-ms="34954" status="PASS">
          <reporter-output>
          </reporter-output>
        </test-method> <!-- listingSortInsurance -->
      </class> <!-- testcases.insurance.listingSortingPolicyPage -->
      <class name="testcases.insurance.SingleInsurancePolicy">
        <test-method signature="Insurance()[pri:0, instance:testcases.insurance.SingleInsurancePolicy@865dd6]" started-at="2024-01-25T13:35:23Z" name="Insurance" finished-at="2024-01-25T13:36:06Z" duration-ms="42241" status="PASS">
          <reporter-output>
          </reporter-output>
        </test-method> <!-- Insurance -->
      </class> <!-- testcases.insurance.SingleInsurancePolicy -->
    </test> <!-- Test -->
  </suite> <!-- Suite -->
</testng-results>
